\BOOKMARK [0][-]{chapter.1}{\376\377\000I\000n\000t\000r\000o\000d\000u\000z\000i\000o\000n\000e\000\040\000m\000a\000t\000e\000m\000a\000t\000i\000c\000a}{}% 1
\BOOKMARK [1][-]{section.1.1}{\376\377\000F\000l\000u\000s\000s\000o\000\040\000d\000i\000\040\000u\000n\000\040\000c\000a\000m\000p\000o\000\040\000a\000t\000t\000r\000a\000v\000e\000r\000s\000o\000\040\000u\000n\000a\000\040\000s\000u\000p\000e\000r\000f\000i\000c\000i\000e}{chapter.1}% 2
\BOOKMARK [1][-]{section.1.2}{\376\377\000D\000i\000v\000e\000r\000g\000e\000n\000z\000a}{chapter.1}% 3
\BOOKMARK [1][-]{section.1.3}{\376\377\000G\000r\000a\000d\000i\000e\000n\000t\000e\000,\000\040\000l\000a\000v\000o\000r\000o\000\040\000e\000\040\000c\000a\000m\000p\000i\000\040\000c\000o\000n\000s\000e\000r\000v\000a\000t\000i\000v\000i}{chapter.1}% 4
\BOOKMARK [1][-]{section.1.4}{\376\377\000R\000o\000t\000o\000r\000e}{chapter.1}% 5
\BOOKMARK [0][-]{chapter.2}{\376\377\000I\000n\000t\000r\000o\000d\000u\000z\000i\000o\000n\000e\000\040\000a\000l\000l\000'\000e\000l\000e\000t\000t\000r\000o\000s\000t\000a\000t\000i\000c\000a}{}% 6
\BOOKMARK [1][-]{section.2.1}{\376\377\000L\000e\000g\000g\000e\000\040\000d\000i\000\040\000C\000o\000u\000l\000o\000m\000b}{chapter.2}% 7
\BOOKMARK [2][-]{subsection.2.1.1}{\376\377\000P\000r\000i\000n\000c\000i\000p\000i\000o\000\040\000d\000i\000\040\000s\000o\000v\000r\000a\000p\000p\000o\000s\000i\000z\000i\000o\000n\000e}{section.2.1}% 8
\BOOKMARK [1][-]{section.2.2}{\376\377\000I\000l\000\040\000c\000a\000m\000p\000o\000\040\000e\000l\000e\000t\000t\000r\000i\000c\000o}{chapter.2}% 9
\BOOKMARK [2][-]{subsection.2.2.1}{\376\377\000D\000i\000s\000t\000r\000i\000b\000u\000z\000i\000o\000n\000i\000\040\000c\000o\000n\000t\000i\000n\000u\000e\000\040\000d\000i\000\040\000c\000a\000r\000i\000c\000h\000e}{section.2.2}% 10
\BOOKMARK [1][-]{section.2.3}{\376\377\000E\000s\000e\000m\000p\000i}{chapter.2}% 11
\BOOKMARK [0][-]{chapter.3}{\376\377\000L\000e\000g\000g\000e\000\040\000d\000i\000\040\000G\000a\000u\000s\000s}{}% 12
\BOOKMARK [1][-]{section.3.1}{\376\377\000L\000i\000n\000e\000e\000\040\000d\000i\000\040\000f\000o\000r\000z\000a\000\040\000d\000e\000l\000\040\000c\000a\000m\000p\000o\000\040\000e\000l\000e\000t\000t\000r\000i\000c\000o}{chapter.3}% 13
\BOOKMARK [1][-]{section.3.2}{\376\377\000L\000e\000g\000g\000e\000\040\000d\000i\000\040\000G\000a\000u\000s\000s}{chapter.3}% 14
\BOOKMARK [2][-]{subsection.3.2.1}{\376\377\000F\000o\000r\000m\000u\000l\000a\000z\000i\000o\000n\000e\000\040\000i\000n\000f\000i\000n\000i\000t\000e\000s\000i\000m\000a\000l\000e\000\040\000e\000\040\000I\000\040\000l\000e\000g\000g\000e\000\040\000d\000i\000\040\000M\000a\000x\000w\000e\000l\000l}{section.3.2}% 15
\BOOKMARK [1][-]{section.3.3}{\376\377\000E\000s\000e\000m\000p\000i}{chapter.3}% 16
\BOOKMARK [0][-]{chapter.4}{\376\377\000I\000l\000\040\000p\000o\000t\000e\000n\000z\000i\000a\000l\000e\000\040\000e\000l\000e\000t\000t\000r\000i\000c\000o}{}% 17
\BOOKMARK [1][-]{section.4.1}{\376\377\000I\000l\000\040\000r\000o\000t\000o\000r\000e\000\040\000d\000i\000\040\000E}{chapter.4}% 18
\BOOKMARK [1][-]{section.4.2}{\376\377\000I\000n\000t\000r\000o\000d\000u\000z\000i\000o\000n\000e\000\040\000a\000l\000\040\000p\000o\000t\000e\000n\000z\000i\000a\000l\000e}{chapter.4}% 19
\BOOKMARK [1][-]{section.4.3}{\376\377\000P\000o\000t\000e\000n\000z\000i\000a\000l\000e\000\040\000d\000e\000l\000l\000a\000\040\000c\000a\000r\000i\000c\000a\000\040\000p\000u\000n\000t\000i\000f\000o\000r\000m\000e}{chapter.4}% 20
\BOOKMARK [1][-]{section.4.4}{\376\377\000P\000o\000t\000e\000n\000z\000i\000a\000l\000e\000\040\000d\000i\000\040\000u\000n\000a\000\040\000d\000i\000s\000t\000r\000i\000b\000u\000z\000i\000o\000n\000e\000\040\000u\000n\000i\000f\000o\000r\000m\000e\000\040\000d\000i\000\040\000c\000a\000r\000i\000c\000a}{chapter.4}% 21
\BOOKMARK [1][-]{section.4.5}{\376\377\000E\000s\000e\000m\000p\000i}{chapter.4}% 22
\BOOKMARK [1][-]{section.4.6}{\376\377\000E\000q\000u\000a\000z\000i\000o\000n\000e\000\040\000d\000i\000\040\000P\000o\000i\000s\000s\000o\000n}{chapter.4}% 23
\BOOKMARK [1][-]{section.4.7}{\376\377\000C\000o\000n\000d\000i\000z\000i\000o\000n\000i\000\040\000a\000l\000\040\000c\000o\000n\000t\000o\000r\000n\000o\000\040\000/\000\040\000B\000o\000u\000n\000d\000a\000r\000y\000\040\000c\000o\000n\000d\000i\000t\000i\000o\000n\000s}{chapter.4}% 24
\BOOKMARK [0][-]{chapter.5}{\376\377\000L\000a\000v\000o\000r\000o\000\040\000e\000d\000\040\000e\000n\000e\000r\000g\000i\000a\000\040\000e\000l\000e\000t\000t\000r\000o\000s\000t\000a\000t\000i\000c\000a}{}% 25
\BOOKMARK [1][-]{section.5.1}{\376\377\000E\000n\000e\000r\000g\000i\000a\000\040\000d\000i\000\040\000u\000n\000\040\000s\000i\000s\000t\000e\000m\000a\000\040\000d\000i\000s\000c\000r\000e\000t\000o\000\040\000d\000i\000\040\000c\000a\000r\000i\000c\000h\000e}{chapter.5}% 26
\BOOKMARK [1][-]{section.5.2}{\376\377\000E\000n\000e\000r\000g\000i\000a\000\040\000d\000i\000\040\000u\000n\000\040\000s\000i\000s\000t\000e\000m\000a\000\040\000c\000o\000n\000\040\000d\000i\000s\000t\000r\000i\000b\000u\000z\000i\000o\000n\000e\000\040\000c\000o\000n\000t\000i\000n\000u\000a\000\040\000d\000i\000\040\000c\000a\000r\000i\000c\000a}{chapter.5}% 27
\BOOKMARK [1][-]{section.5.3}{\376\377\000E\000s\000e\000m\000p\000i}{chapter.5}% 28
\BOOKMARK [0][-]{chapter.6}{\376\377\000M\000a\000t\000e\000r\000i\000a\000l\000i\000\040\000c\000o\000n\000d\000u\000t\000t\000o\000r\000i\000\040\000e\000\040\000i\000s\000o\000l\000a\000n\000t\000i}{}% 29
\BOOKMARK [1][-]{section.6.1}{\376\377\000C\000a\000m\000p\000o\000\040\000e\000l\000e\000t\000t\000r\000i\000c\000o\000\040\000i\000n\000\040\000u\000n\000\040\000m\000a\000t\000e\000r\000i\000a\000l\000e\000\040\000c\000o\000n\000d\000u\000t\000t\000o\000r\000e}{chapter.6}% 30
\BOOKMARK [1][-]{section.6.2}{\376\377\000C\000a\000p\000a\000c\000i\000t\000\340\000\040\000e\000\040\000c\000o\000n\000d\000e\000n\000s\000a\000t\000o\000r\000i}{chapter.6}% 31
\BOOKMARK [2][-]{subsection.6.2.1}{\376\377\000C\000o\000n\000d\000e\000n\000s\000a\000t\000o\000r\000e\000\040\000a\000l\000l\000'\000i\000n\000f\000i\000n\000i\000t\000o}{section.6.2}% 32
\BOOKMARK [1][-]{section.6.3}{\376\377\000E\000n\000e\000r\000g\000i\000a\000\040\000i\000m\000m\000a\000g\000a\000z\000z\000i\000n\000a\000t\000a\000\040\000i\000n\000\040\000u\000n\000\040\000c\000o\000n\000d\000e\000n\000s\000a\000t\000o\000r\000e}{chapter.6}% 33
\BOOKMARK [1][-]{section.6.4}{\376\377\000C\000o\000n\000d\000e\000n\000s\000a\000t\000o\000r\000e\000\040\000p\000i\000a\000n\000o}{chapter.6}% 34
\BOOKMARK [1][-]{section.6.5}{\376\377\000C\000o\000n\000d\000e\000n\000s\000a\000t\000o\000r\000e\000\040\000s\000f\000e\000r\000i\000c\000o}{chapter.6}% 35
\BOOKMARK [1][-]{section.6.6}{\376\377\000C\000o\000n\000d\000e\000n\000s\000a\000t\000o\000r\000e\000\040\000c\000i\000l\000i\000n\000d\000r\000i\000c\000o}{chapter.6}% 36
\BOOKMARK [0][-]{chapter.7}{\376\377\000I\000\040\000d\000i\000p\000o\000l\000i\000\040\000e\000l\000e\000t\000t\000r\000i\000c\000i}{}% 37
\BOOKMARK [1][-]{section.7.1}{\376\377\000P\000o\000t\000e\000n\000z\000i\000a\000l\000e\000\040\000e\000\040\000c\000a\000m\000p\000o\000\040\000e\000l\000e\000t\000t\000r\000i\000c\000o\000\040\000d\000i\000\040\000d\000i\000p\000o\000l\000o}{chapter.7}% 38
\BOOKMARK [1][-]{section.7.2}{\376\377\000M\000o\000m\000e\000n\000t\000o\000\040\000d\000i\000\040\000d\000i\000p\000o\000l\000o\000\040\000d\000i\000\040\000u\000n\000\040\000s\000i\000s\000t\000e\000m\000a}{chapter.7}% 39
\BOOKMARK [1][-]{section.7.3}{\376\377\000I\000n\000t\000e\000r\000a\000z\000i\000o\000n\000i\000\040\000d\000i\000\040\000d\000i\000p\000o\000l\000o\000\040\000i\000n\000\040\000u\000n\000\040\000c\000a\000m\000p\000o\000\040\000e\000l\000e\000t\000t\000r\000i\000c\000o\000\040\000d\000i\000\040\000s\000t\000i\000m\000o\000l\000o}{chapter.7}% 40
\BOOKMARK [1][-]{section.7.4}{\376\377\000F\000o\000r\000z\000a\000\040\000e\000d\000\040\000e\000n\000e\000r\000g\000i\000a\000\040\000e\000l\000e\000t\000t\000r\000o\000s\000t\000a\000t\000i\000c\000a}{chapter.7}% 41
\BOOKMARK [2][-]{subsection.7.4.1}{\376\377\000I\000n\000t\000e\000r\000a\000z\000i\000o\000n\000e\000\040\000d\000i\000p\000o\000l\000o\000-\000c\000a\000r\000i\000c\000a}{section.7.4}% 42
\BOOKMARK [2][-]{subsection.7.4.2}{\376\377\000I\000n\000t\000e\000r\000a\000z\000i\000o\000n\000i\000\040\000t\000r\000a\000\040\000d\000u\000e\000\040\000d\000i\000p\000o\000l\000i}{section.7.4}% 43
\BOOKMARK [0][-]{chapter.8}{\376\377\000C\000o\000r\000r\000e\000n\000t\000i\000\040\000e\000l\000e\000t\000t\000r\000i\000c\000h\000e\000\040\000e\000\040\000c\000a\000m\000p\000o\000\040\000d\000i\000\040\000p\000o\000l\000a\000r\000i\000z\000z\000a\000z\000i\000o\000n\000e}{}% 44
\BOOKMARK [1][-]{section.8.1}{\376\377\000L\000a\000\040\000d\000e\000n\000s\000i\000t\000\340\000\040\000d\000i\000\040\000c\000o\000r\000r\000e\000n\000t\000e\000\040\000e\000l\000e\000t\000t\000r\000i\000c\000a}{chapter.8}% 45
\BOOKMARK [1][-]{section.8.2}{\376\377\000L\000a\000\040\000c\000o\000r\000r\000e\000n\000t\000e}{chapter.8}% 46
\BOOKMARK [1][-]{section.8.3}{\376\377\000L\000e\000g\000g\000e\000\040\000d\000i\000\040\000c\000o\000n\000s\000e\000r\000v\000a\000z\000i\000o\000n\000e\000\040\000d\000e\000l\000l\000a\000\040\000c\000a\000r\000i\000c\000a}{chapter.8}% 47
\BOOKMARK [2][-]{subsection.8.3.1}{\376\377\000M\000o\000d\000e\000l\000l\000i\000z\000i\000a\000m\000o\000\040\000l\000'\000a\000t\000o\000m\000o}{section.8.3}% 48
\BOOKMARK [1][-]{section.8.4}{\376\377\000C\000a\000r\000i\000c\000a\000\040\000e\000l\000e\000t\000t\000r\000i\000c\000a\000\040\000l\000e\000g\000a\000t\000a\000\040\000e\000\040\000l\000i\000b\000e\000r\000a}{chapter.8}% 49
\BOOKMARK [1][-]{section.8.5}{\376\377\000C\000a\000m\000p\000o\000\040\000d\000i\000\040\000p\000o\000l\000a\000r\000i\000z\000z\000a\000z\000i\000o\000n\000e}{chapter.8}% 50
\BOOKMARK [1][-]{section.8.6}{\376\377\000D\000e\000n\000s\000i\000t\000\340\000\040\000d\000i\000\040\000c\000a\000r\000i\000c\000a\000\040\000s\000u\000p\000e\000r\000f\000i\000c\000i\000a\000l\000e\000\040\000n\000e\000i\000\040\000m\000a\000t\000e\000r\000i\000a\000l\000i}{chapter.8}% 51
\BOOKMARK [1][-]{section.8.7}{\376\377\000L\000a\000\040\000p\000i\000l\000a\000\040\000d\000i\000\040\000v\000o\000l\000t\000a}{chapter.8}% 52
\BOOKMARK [1][-]{section.8.8}{\376\377\000P\000o\000t\000e\000n\000z\000a\000\040\000e\000l\000e\000t\000t\000r\000i\000c\000a}{chapter.8}% 53
\BOOKMARK [1][-]{section.8.9}{\376\377\000L\000e\000g\000g\000i\000\040\000d\000i\000\040\000O\000h\000m}{chapter.8}% 54
\BOOKMARK [2][-]{subsection.8.9.1}{\376\377\000L\000e\000g\000g\000e\000\040\000d\000i\000\040\000O\000h\000m\000\040\000l\000o\000c\000a\000l\000e}{section.8.9}% 55
\BOOKMARK [2][-]{subsection.8.9.2}{\376\377\000L\000e\000g\000g\000e\000\040\000d\000i\000\040\000O\000h\000m\000\040\000\050\000m\000a\000c\000r\000o\000s\000c\000o\000p\000i\000c\000a\000\051}{section.8.9}% 56
\BOOKMARK [0][-]{chapter.9}{\376\377\000C\000a\000m\000p\000i\000\040\000e\000l\000e\000t\000t\000r\000i\000c\000i\000\040\000n\000e\000i\000\040\000m\000a\000t\000e\000r\000i\000a\000l\000i}{}% 57
\BOOKMARK [1][-]{section.9.1}{\376\377\000G\000a\000b\000b\000i\000a\000\040\000d\000i\000\040\000F\000a\000r\000a\000d\000a\000y}{chapter.9}% 58
\BOOKMARK [1][-]{section.9.2}{\376\377\000C\000o\000n\000d\000e\000n\000s\000a\000t\000o\000r\000i\000\040\000i\000n\000\040\000s\000e\000r\000i\000e\000\040\000e\000\040\000p\000a\000r\000a\000l\000l\000e\000l\000o}{chapter.9}% 59
\BOOKMARK [2][-]{subsection.9.2.1}{\376\377\000I\000n\000\040\000s\000e\000r\000i\000e}{section.9.2}% 60
\BOOKMARK [2][-]{subsection.9.2.2}{\376\377\000I\000n\000\040\000p\000a\000r\000a\000l\000l\000e\000l\000o}{section.9.2}% 61
\BOOKMARK [1][-]{section.9.3}{\376\377\000C\000a\000m\000p\000o\000\040\000d\000i\000\040\000s\000p\000o\000s\000t\000a\000m\000e\000n\000t\000o\000\040\000d\000i\000e\000l\000e\000t\000t\000r\000i\000c\000o}{chapter.9}% 62
\BOOKMARK [1][-]{section.9.4}{\376\377\000R\000e\000l\000a\000z\000i\000o\000n\000e\000\040\000c\000o\000s\000t\000i\000t\000u\000t\000i\000v\000a\000\040\000i\000n\000t\000e\000r\000n\000a}{chapter.9}% 63
\BOOKMARK [1][-]{section.9.5}{\376\377\000C\000o\000n\000d\000e\000n\000s\000a\000t\000o\000r\000i\000\040\000r\000e\000a\000l\000i}{chapter.9}% 64
\BOOKMARK [2][-]{subsection.9.5.1}{\376\377\000C\000o\000n\000d\000e\000n\000s\000a\000t\000o\000r\000e\000\040\000p\000i\000a\000n\000o\000\040\000c\000o\000n\000\040\000d\000i\000e\000l\000e\000t\000t\000r\000i\000c\000o}{section.9.5}% 65
\BOOKMARK [2][-]{subsection.9.5.2}{\376\377\000C\000o\000n\000s\000i\000d\000e\000r\000a\000z\000i\000o\000n\000i}{section.9.5}% 66
\BOOKMARK [2][-]{subsection.9.5.3}{\376\377\000C\000o\000n\000d\000e\000n\000s\000a\000t\000o\000r\000e\000\040\000p\000i\000a\000n\000o\000\040\000c\000o\000n\000\040\000c\000o\000n\000d\000u\000t\000t\000o\000r\000e}{section.9.5}% 67
\BOOKMARK [1][-]{section.9.6}{\376\377\000E\000s\000e\000m\000p\000i}{chapter.9}% 68
\BOOKMARK [1][-]{section.9.7}{\376\377\000I\000n\000t\000e\000r\000f\000a\000c\000c\000i\000a\000\040\000v\000u\000o\000t\000o\000\040\040\023\000\040\000d\000i\000e\000l\000e\000t\000t\000r\000i\000c\000o}{chapter.9}% 69
\BOOKMARK [1][-]{section.9.8}{\376\377\000P\000r\000o\000b\000l\000e\000m\000a\000\040\000d\000i\000\040\000D\000i\000r\000i\000c\000h\000l\000e\000t}{chapter.9}% 70
\BOOKMARK [0][-]{chapter.10}{\376\377\000I\000n\000t\000e\000r\000a\000z\000i\000o\000n\000i\000\040\000e\000\040\000c\000a\000m\000p\000i\000\040\000d\000i\000\040\000r\000i\000s\000p\000o\000s\000t\000a}{}% 71
\BOOKMARK [1][-]{section.10.1}{\376\377\000I\000n\000t\000e\000r\000a\000z\000i\000o\000n\000e\000\040\000c\000a\000r\000i\000c\000a\000-\000c\000a\000r\000i\000c\000a\000\040\000i\000n\000d\000o\000t\000t\000a}{chapter.10}% 72
\BOOKMARK [2][-]{subsection.10.1.1}{\376\377\000C\000a\000s\000o\000\040\000l\000i\000m\000i\000t\000e}{section.10.1}% 73
\BOOKMARK [2][-]{subsection.10.1.2}{\376\377\000A\000p\000p\000l\000i\000c\000a\000z\000i\000o\000n\000e}{section.10.1}% 74
\BOOKMARK [1][-]{section.10.2}{\376\377\000I\000n\000t\000e\000r\000a\000z\000i\000o\000n\000e\000\040\000c\000a\000r\000i\000c\000a\000-\000d\000i\000p\000o\000l\000o\000\040\000i\000n\000d\000o\000t\000t\000o}{chapter.10}% 75
\BOOKMARK [2][-]{subsection.10.2.1}{\376\377\000I\000n\000\040\000g\000e\000n\000e\000r\000a\000l\000e}{section.10.2}% 76
\BOOKMARK [1][-]{section.10.3}{\376\377\000S\000f\000e\000r\000e\000\040\000c\000o\000n\000\040\000d\000i\000s\000t\000r\000i\000b\000u\000z\000i\000o\000n\000e\000\040\000d\000i\000\040\000c\000a\000r\000i\000c\000a\000\040\000o\000p\000p\000o\000s\000t\000a}{chapter.10}% 77
\BOOKMARK [1][-]{section.10.4}{\376\377\000P\000o\000l\000a\000r\000i\000z\000z\000a\000z\000i\000o\000n\000e\000\040\000d\000i\000\040\000u\000n\000a\000\040\000s\000f\000e\000r\000a\000\040\000d\000i\000e\000l\000e\000t\000t\000r\000i\000c\000a}{chapter.10}% 78
\BOOKMARK [0][-]{chapter.11}{\376\377\000M\000a\000g\000n\000e\000t\000i\000s\000m\000o}{}% 79
\BOOKMARK [1][-]{section.11.1}{\376\377\000I\000n\000t\000r\000o\000d\000u\000z\000i\000o\000n\000e}{chapter.11}% 80
\BOOKMARK [1][-]{section.11.2}{\376\377\000L\000e\000g\000g\000e\000\040\000d\000i\000\040\000B\000i\000o\000t\040\023\000S\000a\000v\000a\000r\000t}{chapter.11}% 81
\BOOKMARK [1][-]{section.11.3}{\376\377\000I\000I\000\040\000e\000q\000u\000a\000z\000i\000o\000n\000e\000\040\000d\000i\000\040\000M\000a\000x\000w\000e\000l\000l}{chapter.11}% 82
\BOOKMARK [1][-]{section.11.4}{\376\377\000F\000o\000r\000z\000a\000\040\000d\000i\000\040\000L\000o\000r\000e\000n\000t\000z}{chapter.11}% 83
\BOOKMARK [1][-]{section.11.5}{\376\377\000C\000a\000m\000p\000o\000\040\000d\000i\000\040\000m\000a\000g\000n\000e\000t\000i\000z\000z\000a\000z\000i\000o\000n\000e}{chapter.11}% 84
\BOOKMARK [2][-]{subsection.11.5.1}{\376\377\000I\000n\000t\000e\000r\000p\000r\000e\000t\000a\000z\000i\000o\000n\000e}{section.11.5}% 85
\BOOKMARK [1][-]{section.11.6}{\376\377\000E\000s\000e\000m\000p\000i}{chapter.11}% 86
\BOOKMARK [0][-]{chapter.12}{\376\377\000L\000e\000g\000g\000e\000\040\000d\000i\000\040\000A\000m\000p\000e\000r\000e\000-\000M\000a\000x\000w\000e\000l\000l\000\040\000e\000\040\000c\000a\000m\000p\000o\000\040\000m\000a\000g\000n\000e\000t\000i\000c\000o\000\040\000H}{}% 87
\BOOKMARK [1][-]{section.12.1}{\376\377\000I\000V\000\040\000e\000q\000u\000a\000z\000i\000o\000n\000e\000\040\000d\000i\000\040\000M\000a\000x\000w\000e\000l\000l}{chapter.12}% 88
\BOOKMARK [1][-]{section.12.2}{\376\377\000T\000e\000o\000r\000e\000m\000a\000\040\000d\000i\000\040\000e\000q\000u\000i\000v\000a\000l\000e\000n\000z\000a\000\040\000d\000i\000\040\000A\000m\000p\000\350\000r\000e}{chapter.12}% 89
\BOOKMARK [1][-]{section.12.3}{\376\377\000E\000s\000e\000m\000p\000i}{chapter.12}% 90
\BOOKMARK [0][-]{chapter.13}{\376\377\000P\000o\000t\000e\000n\000z\000i\000a\000l\000e\000\040\000v\000e\000t\000t\000o\000r\000e\000\040\000d\000i\000\040\000A\000m\000p\000\350\000r\000e}{}% 91
\BOOKMARK [1][-]{section.13.1}{\376\377\000E\000s\000e\000m\000p\000i}{chapter.13}% 92
\BOOKMARK [1][-]{section.13.2}{\376\377\000L\000e\000g\000g\000e\000\040\000d\000i\000\040\000B\000i\000o\000t\040\023\000S\000a\000v\000a\000r\000t}{chapter.13}% 93
\BOOKMARK [1][-]{section.13.3}{\376\377\000E\000s\000e\000m\000p\000i\000\040\000a\000g\000g\000i\000u\000n\000t\000i\000v\000i}{chapter.13}% 94
\BOOKMARK [1][-]{section.13.4}{\376\377\000I\000n\000t\000e\000r\000a\000z\000i\000o\000n\000i\000\040\000m\000a\000g\000n\000e\000t\000i\000c\000h\000e}{chapter.13}% 95
\BOOKMARK [0][-]{chapter.14}{\376\377\000C\000o\000m\000e\000\040\000i\000\040\000m\000a\000t\000e\000r\000i\000a\000l\000i\000\040\000r\000e\000a\000g\000i\000s\000c\000o\000n\000o\000\040\000a\000i\000\040\000c\000a\000m\000p\000i\000\040\000m\000a\000g\000n\000e\000t\000i\000c\000i\000\040\000d\000i\000\040\000s\000t\000i\000m\000o\000l\000o}{}% 96
\BOOKMARK [1][-]{section.14.1}{\376\377\000R\000e\000l\000a\000z\000i\000o\000n\000e\000\040\000c\000o\000s\000t\000i\000t\000u\000t\000i\000v\000a\000\040\000i\000n\000t\000e\000r\000n\000a}{chapter.14}% 97
\BOOKMARK [1][-]{section.14.2}{\376\377\000M\000i\000s\000u\000r\000e\000\040\000d\000i\000\040\000s\000u\000s\000c\000e\000t\000t\000i\000v\000i\000t\000\340\000\040\000m\000a\000g\000n\000e\000t\000i\000c\000a}{chapter.14}% 98
\BOOKMARK [0][-]{chapter.15}{\376\377\000S\000t\000r\000u\000m\000e\000n\000t\000i\000\040\000e\000\040\000a\000p\000p\000l\000i\000c\000a\000z\000i\000o\000n\000i}{}% 99
\BOOKMARK [1][-]{section.15.1}{\376\377\000A\000m\000p\000e\000r\000o\000m\000e\000t\000r\000o}{chapter.15}% 100
\BOOKMARK [2][-]{subsection.15.1.1}{\376\377\000M\000i\000s\000u\000r\000e\000\040\000s\000t\000a\000z\000i\000o\000n\000a\000r\000i\000e\000\040\000d\000i\000\040\000c\000o\000n\000d\000u\000c\000i\000b\000i\000l\000i\000t\000\340}{section.15.1}% 101
\BOOKMARK [1][-]{section.15.2}{\376\377\000M\000o\000d\000e\000l\000l\000o\000\040\000a\000\040\000t\000e\000m\000p\000o\000\040\000d\000i\000\040\000r\000i\000l\000a\000s\000s\000a\000m\000e\000n\000t\000o}{chapter.15}% 102
\BOOKMARK [1][-]{section.15.3}{\376\377\000E\000f\000f\000e\000t\000t\000o\000\040\000H\000a\000l\000l}{chapter.15}% 103
\BOOKMARK [1][-]{section.15.4}{\376\377\000E\000f\000f\000e\000t\000t\000o\000\040\000J\000o\000u\000l\000e}{chapter.15}% 104
\BOOKMARK [1][-]{section.15.5}{\376\377\000L\000e\000g\000g\000i\000\040\000d\000i\000\040\000K\000i\000r\000c\000h\000h\000o\000f\000f}{chapter.15}% 105
\BOOKMARK [1][-]{section.15.6}{\376\377\000C\000i\000r\000c\000u\000i\000t\000o\000\040\000R\000C\000\040\000e\000d\000\040\000e\000n\000e\000r\000g\000i\000a\000\040\000d\000i\000s\000s\000i\000p\000a\000t\000a}{chapter.15}% 106
\BOOKMARK [1][-]{section.15.7}{\376\377\000S\000t\000u\000d\000i\000o\000\040\000d\000e\000i\000\040\000c\000o\000n\000d\000e\000n\000s\000a\000t\000o\000r\000i\000\040\000c\000o\000n\000\040\000d\000i\000e\000l\000e\000t\000t\000r\000i\000c\000o}{chapter.15}% 107
\BOOKMARK [2][-]{subsection.15.7.1}{\376\377\000D\000e\000n\000s\000i\000t\000\340\000\040\000d\000i\000\040\000e\000n\000e\000r\000g\000i\000a\000\040\000e\000l\000e\000t\000t\000r\000i\000c\000a}{section.15.7}% 108
\BOOKMARK [2][-]{subsection.15.7.2}{\376\377\000F\000o\000r\000z\000e\000\040\000c\000h\000e\000\040\000a\000g\000i\000s\000c\000o\000n\000o\000\040\000s\000u\000l\000\040\000d\000i\000e\000l\000e\000t\000t\000r\000i\000c\000o}{section.15.7}% 109
\BOOKMARK [0][-]{chapter.16}{\376\377\000I\000n\000t\000r\000o\000d\000u\000z\000i\000o\000n\000e\000\040\000a\000l\000l\000'\000e\000l\000e\000t\000t\000r\000o\000d\000i\000n\000a\000m\000i\000c\000a}{}% 110
\BOOKMARK [1][-]{section.16.1}{\376\377\000F\000o\000r\000z\000a\000\040\000d\000i\000\040\000L\000o\000r\000e\000n\000t\000z\000\040\000e\000\040\000m\000o\000t\000i\000\040\000d\000i\000\040\000c\000i\000c\000l\000o\000t\000r\000o\000n\000e}{chapter.16}% 111
\BOOKMARK [1][-]{section.16.2}{\376\377\000R\000e\000l\000a\000t\000i\000v\000i\000t\000\340\000\040\000d\000e\000l\000\040\000c\000a\000m\000p\000o\000\040\000e\000l\000e\000t\000t\000r\000i\000c\000o}{chapter.16}% 112
\BOOKMARK [1][-]{section.16.3}{\376\377\000L\000e\000g\000g\000e\000\040\000d\000i\000\040\000i\000n\000d\000u\000z\000i\000o\000n\000e}{chapter.16}% 113
\BOOKMARK [1][-]{section.16.4}{\376\377\000I\000I\000I\000\040\000l\000e\000g\000g\000e\000\040\000d\000i\000\040\000M\000a\000x\000w\000e\000l\000l}{chapter.16}% 114
\BOOKMARK [1][-]{section.16.5}{\376\377\000E\000s\000e\000m\000p\000i}{chapter.16}% 115
\BOOKMARK [1][-]{section.16.6}{\376\377\000F\000o\000r\000z\000e\000\040\000m\000a\000g\000n\000e\000t\000o\000d\000i\000n\000a\000m\000i\000c\000h\000e}{chapter.16}% 116
\BOOKMARK [2][-]{subsection.16.6.1}{\376\377\000E\000s\000e\000m\000p\000i}{section.16.6}% 117
\BOOKMARK [1][-]{section.16.7}{\376\377\000A\000l\000t\000e\000r\000n\000a\000t\000o\000r\000e\040\023\000G\000e\000n\000e\000r\000a\000t\000o\000r\000e\000\040\000d\000i\000\040\000c\000o\000r\000r\000e\000n\000t\000e\000\040\000m\000o\000n\000o\000f\000a\000s\000e}{chapter.16}% 118
\BOOKMARK [0][-]{chapter.17}{\376\377\000I\000n\000d\000u\000t\000t\000a\000n\000z\000a\000\040\000e\000\040\000c\000i\000r\000c\000u\000i\000t\000i}{}% 119
\BOOKMARK [1][-]{section.17.1}{\376\377\000I\000n\000d\000u\000t\000t\000a\000n\000z\000a}{chapter.17}% 120
\BOOKMARK [1][-]{section.17.2}{\376\377\000D\000e\000n\000s\000i\000t\000\340\000\040\000d\000i\000\040\000e\000n\000e\000r\000g\000i\000a\000\040\000m\000a\000g\000n\000e\000t\000i\000c\000a}{chapter.17}% 121
\BOOKMARK [1][-]{section.17.3}{\376\377\000C\000i\000r\000c\000u\000i\000t\000i\000\040\000R\000C\000L\000\040\000i\000n\000\040\000s\000e\000r\000i\000e\000\040\000i\000n\000\040\000r\000e\000g\000i\000m\000e\000\040\000t\000r\000a\000n\000s\000i\000t\000o\000r\000i\000o}{chapter.17}% 122
\BOOKMARK [1][-]{section.17.4}{\376\377\000C\000i\000r\000c\000u\000i\000t\000i\000\040\000R\000C\000L\000\040\000i\000n\000\040\000r\000e\000g\000i\000m\000e\000\040\000a\000r\000m\000o\000n\000i\000c\000o}{chapter.17}% 123
\BOOKMARK [2][-]{subsection.17.4.1}{\376\377\000C\000u\000r\000v\000a\000\040\000d\000i\000\040\000r\000i\000s\000o\000n\000a\000n\000z\000a\000\040\000d\000i\000\040\000u\000n\000\040\000c\000i\000r\000c\000u\000i\000t\000o\000\040\000R\000C\000L}{section.17.4}% 124
\BOOKMARK [0][-]{chapter.18}{\376\377\000M\000a\000t\000e\000r\000i\000a\000l\000i\000\040\000f\000e\000r\000r\000o\000m\000a\000g\000n\000e\000t\000i\000c\000i}{}% 125
\BOOKMARK [1][-]{section.18.1}{\376\377\000L\000e\000g\000g\000e\000\040\000d\000i\000\040\000F\000e\000l\000i\000c\000i}{chapter.18}% 126
\BOOKMARK [1][-]{section.18.2}{\376\377\000C\000i\000c\000l\000o\000\040\000d\000i\000\040\000i\000s\000t\000e\000r\000e\000s\000i}{chapter.18}% 127
\BOOKMARK [1][-]{section.18.3}{\376\377\000M\000a\000g\000n\000e\000t\000i\000\040\000p\000e\000r\000m\000a\000n\000e\000n\000t\000i}{chapter.18}% 128
\BOOKMARK [1][-]{section.18.4}{\376\377\000C\000a\000m\000p\000i\000\040\000m\000a\000g\000n\000e\000t\000i\000c\000i\000\040\000n\000e\000i\000\040\000m\000a\000t\000e\000r\000i\000a\000l\000i\000\040\000l\000i\000n\000e\000a\000r\000i}{chapter.18}% 129
\BOOKMARK [1][-]{section.18.5}{\376\377\000I\000n\000t\000e\000r\000f\000a\000c\000c\000i\000a\000\040\000t\000r\000a\000\040\000d\000u\000e\000\040\000m\000a\000t\000e\000r\000i\000a\000l\000i\000\040\000l\000i\000n\000e\000a\000r\000i}{chapter.18}% 130
\BOOKMARK [1][-]{section.18.6}{\376\377\000E\000s\000e\000m\000p\000i}{chapter.18}% 131
\BOOKMARK [1][-]{section.18.7}{\376\377\000C\000i\000r\000c\000u\000i\000t\000i\000\040\000m\000a\000g\000n\000e\000t\000i\000c\000i}{chapter.18}% 132
\BOOKMARK [1][-]{section.18.8}{\376\377\000T\000r\000a\000s\000f\000o\000r\000m\000a\000t\000o\000r\000e}{chapter.18}% 133
